<?xml version="1.0" encoding="UTF-8"?>
<testng-results ignored="0" total="5" passed="5" failed="0" skipped="0">
  <reporter-output>
  </reporter-output>
  <suite started-at="2025-09-09T09:28:17 IST" name="Default suite" finished-at="2025-09-09T09:28:57 IST" duration-ms="39907">
    <groups>
      <group name="cucumber">
        <method signature="AbstractTestNGCucumberTests.runScenario(io.cucumber.testng.PickleWrapper,io.cucumber.testng.FeatureWrapper)[pri:0, instance:com.project.tests.runners.TestNGRunner@2638011]" name="runScenario" class="io.cucumber.testng.AbstractTestNGCucumberTests"/>
      </group> <!-- cucumber -->
    </groups>
    <test started-at="2025-09-09T09:28:17 IST" name="Default test" finished-at="2025-09-09T09:28:57 IST" duration-ms="39907">
      <class name="com.project.tests.runners.TestNGRunner">
        <test-method is-config="true" signature="setUpClass(org.testng.ITestContext)[pri:0, instance:com.project.tests.runners.TestNGRunner@2638011]" started-at="2025-09-09T09:28:17 IST" name="setUpClass" finished-at="2025-09-09T09:28:18 IST" duration-ms="748" status="PASS">
          <params>
            <param index="0">
              <value>
                <![CDATA[org.testng.TestRunner@36638b59]]>
              </value>
            </param>
          </params>
          <reporter-output>
          </reporter-output>
        </test-method> <!-- setUpClass -->
        <test-method signature="runScenario(io.cucumber.testng.PickleWrapper,io.cucumber.testng.FeatureWrapper)[pri:0, instance:com.project.tests.runners.TestNGRunner@2638011]" started-at="2025-09-09T09:28:18 IST" name="runScenario" description="Runs Cucumber Scenarios" data-provider="scenarios" finished-at="2025-09-09T09:28:25 IST" duration-ms="7719" status="PASS">
          <params>
            <param index="0">
              <value>
                <![CDATA["Registration with already registered email"]]>
              </value>
            </param>
            <param index="1">
              <value>
                <![CDATA["Negative flows for Credit Card Application and user journeys"]]>
              </value>
            </param>
          </params>
          <reporter-output>
          </reporter-output>
        </test-method> <!-- runScenario -->
        <test-method signature="runScenario(io.cucumber.testng.PickleWrapper,io.cucumber.testng.FeatureWrapper)[pri:0, instance:com.project.tests.runners.TestNGRunner@2638011]" started-at="2025-09-09T09:28:25 IST" name="runScenario" description="Runs Cucumber Scenarios" data-provider="scenarios" finished-at="2025-09-09T09:28:33 IST" duration-ms="8165" status="PASS">
          <params>
            <param index="0">
              <value>
                <![CDATA["Login with invalid password"]]>
              </value>
            </param>
            <param index="1">
              <value>
                <![CDATA["Negative flows for Credit Card Application and user journeys"]]>
              </value>
            </param>
          </params>
          <reporter-output>
          </reporter-output>
        </test-method> <!-- runScenario -->
        <test-method signature="runScenario(io.cucumber.testng.PickleWrapper,io.cucumber.testng.FeatureWrapper)[pri:0, instance:com.project.tests.runners.TestNGRunner@2638011]" started-at="2025-09-09T09:28:33 IST" name="runScenario" description="Runs Cucumber Scenarios" data-provider="scenarios" finished-at="2025-09-09T09:28:39 IST" duration-ms="5344" status="PASS">
          <params>
            <param index="0">
              <value>
                <![CDATA["Successful registration with valid details"]]>
              </value>
            </param>
            <param index="1">
              <value>
                <![CDATA["Positive flows for Credit Card Application and user journeys"]]>
              </value>
            </param>
          </params>
          <reporter-output>
          </reporter-output>
        </test-method> <!-- runScenario -->
        <test-method signature="runScenario(io.cucumber.testng.PickleWrapper,io.cucumber.testng.FeatureWrapper)[pri:0, instance:com.project.tests.runners.TestNGRunner@2638011]" started-at="2025-09-09T09:28:39 IST" name="runScenario" description="Runs Cucumber Scenarios" data-provider="scenarios" finished-at="2025-09-09T09:28:47 IST" duration-ms="8608" status="PASS">
          <params>
            <param index="0">
              <value>
                <![CDATA["Successful login with valid credentials"]]>
              </value>
            </param>
            <param index="1">
              <value>
                <![CDATA["Positive flows for Credit Card Application and user journeys"]]>
              </value>
            </param>
          </params>
          <reporter-output>
          </reporter-output>
        </test-method> <!-- runScenario -->
        <test-method signature="runScenario(io.cucumber.testng.PickleWrapper,io.cucumber.testng.FeatureWrapper)[pri:0, instance:com.project.tests.runners.TestNGRunner@2638011]" started-at="2025-09-09T09:28:47 IST" name="runScenario" description="Runs Cucumber Scenarios" data-provider="scenarios" finished-at="2025-09-09T09:28:57 IST" duration-ms="9216" status="PASS">
          <params>
            <param index="0">
              <value>
                <![CDATA["Add book to cart (logged in user)"]]>
              </value>
            </param>
            <param index="1">
              <value>
                <![CDATA["Positive flows for Credit Card Application and user journeys"]]>
              </value>
            </param>
          </params>
          <reporter-output>
          </reporter-output>
        </test-method> <!-- runScenario -->
        <test-method is-config="true" signature="tearDownClass()[pri:0, instance:com.project.tests.runners.TestNGRunner@2638011]" started-at="2025-09-09T09:28:57 IST" name="tearDownClass" finished-at="2025-09-09T09:28:57 IST" duration-ms="46" status="PASS">
          <reporter-output>
          </reporter-output>
        </test-method> <!-- tearDownClass -->
      </class> <!-- com.project.tests.runners.TestNGRunner -->
    </test> <!-- Default test -->
  </suite> <!-- Default suite -->
</testng-results>
