<?xml version="1.0" encoding="UTF-8"?>
<testng-results ignored="0" total="6" passed="6" failed="0" skipped="0">
  <reporter-output>
  </reporter-output>
  <suite started-at="2025-09-07T23:07:08 IST" name="Default suite" finished-at="2025-09-07T23:07:46 IST" duration-ms="37864">
    <groups>
      <group name="cucumber">
        <method signature="AbstractTestNGCucumberTests.runScenario(io.cucumber.testng.PickleWrapper,io.cucumber.testng.FeatureWrapper)[pri:0, instance:com.project.tests.runners.TestNGRunner@784b990c]" name="runScenario" class="io.cucumber.testng.AbstractTestNGCucumberTests"/>
      </group> <!-- cucumber -->
    </groups>
    <test started-at="2025-09-07T23:07:08 IST" name="Default test" finished-at="2025-09-07T23:07:46 IST" duration-ms="37864">
      <class name="com.project.tests.runners.TestNGRunner">
        <test-method is-config="true" signature="setUpClass(org.testng.ITestContext)[pri:0, instance:com.project.tests.runners.TestNGRunner@784b990c]" started-at="2025-09-07T23:07:08 IST" name="setUpClass" finished-at="2025-09-07T23:07:09 IST" duration-ms="662" status="PASS">
          <params>
            <param index="0">
              <value>
                <![CDATA[org.testng.TestRunner@5ed65e4b]]>
              </value>
            </param>
          </params>
          <reporter-output>
          </reporter-output>
        </test-method> <!-- setUpClass -->
        <test-method signature="runScenario(io.cucumber.testng.PickleWrapper,io.cucumber.testng.FeatureWrapper)[pri:0, instance:com.project.tests.runners.TestNGRunner@784b990c]" started-at="2025-09-07T23:07:09 IST" name="runScenario" description="Runs Cucumber Scenarios" data-provider="scenarios" finished-at="2025-09-07T23:07:18 IST" duration-ms="8794" status="PASS">
          <params>
            <param index="0">
              <value>
                <![CDATA["Registration with already registered email"]]>
              </value>
            </param>
            <param index="1">
              <value>
                <![CDATA["Negative flows for Credit Card Application and user journeys"]]>
              </value>
            </param>
          </params>
          <reporter-output>
          </reporter-output>
        </test-method> <!-- runScenario -->
        <test-method signature="runScenario(io.cucumber.testng.PickleWrapper,io.cucumber.testng.FeatureWrapper)[pri:0, instance:com.project.tests.runners.TestNGRunner@784b990c]" started-at="2025-09-07T23:07:18 IST" name="runScenario" description="Runs Cucumber Scenarios" data-provider="scenarios" finished-at="2025-09-07T23:07:24 IST" duration-ms="6637" status="PASS">
          <params>
            <param index="0">
              <value>
                <![CDATA["Login with invalid password"]]>
              </value>
            </param>
            <param index="1">
              <value>
                <![CDATA["Negative flows for Credit Card Application and user journeys"]]>
              </value>
            </param>
          </params>
          <reporter-output>
          </reporter-output>
        </test-method> <!-- runScenario -->
        <test-method signature="runScenario(io.cucumber.testng.PickleWrapper,io.cucumber.testng.FeatureWrapper)[pri:0, instance:com.project.tests.runners.TestNGRunner@784b990c]" started-at="2025-09-07T23:07:24 IST" name="runScenario" description="Runs Cucumber Scenarios" data-provider="scenarios" finished-at="2025-09-07T23:07:28 IST" duration-ms="4014" status="PASS">
          <params>
            <param index="0">
              <value>
                <![CDATA["Checkout with invalid credit card number"]]>
              </value>
            </param>
            <param index="1">
              <value>
                <![CDATA["Negative flows for Credit Card Application and user journeys"]]>
              </value>
            </param>
          </params>
          <reporter-output>
          </reporter-output>
        </test-method> <!-- runScenario -->
        <test-method signature="runScenario(io.cucumber.testng.PickleWrapper,io.cucumber.testng.FeatureWrapper)[pri:0, instance:com.project.tests.runners.TestNGRunner@784b990c]" started-at="2025-09-07T23:07:28 IST" name="runScenario" description="Runs Cucumber Scenarios" data-provider="scenarios" finished-at="2025-09-07T23:07:35 IST" duration-ms="6455" status="PASS">
          <params>
            <param index="0">
              <value>
                <![CDATA["Successful registration with valid details"]]>
              </value>
            </param>
            <param index="1">
              <value>
                <![CDATA["Positive flows for Credit Card Application and user journeys"]]>
              </value>
            </param>
          </params>
          <reporter-output>
          </reporter-output>
        </test-method> <!-- runScenario -->
        <test-method signature="runScenario(io.cucumber.testng.PickleWrapper,io.cucumber.testng.FeatureWrapper)[pri:0, instance:com.project.tests.runners.TestNGRunner@784b990c]" started-at="2025-09-07T23:07:35 IST" name="runScenario" description="Runs Cucumber Scenarios" data-provider="scenarios" finished-at="2025-09-07T23:07:41 IST" duration-ms="6058" status="PASS">
          <params>
            <param index="0">
              <value>
                <![CDATA["Successful login with valid credentials"]]>
              </value>
            </param>
            <param index="1">
              <value>
                <![CDATA["Positive flows for Credit Card Application and user journeys"]]>
              </value>
            </param>
          </params>
          <reporter-output>
          </reporter-output>
        </test-method> <!-- runScenario -->
        <test-method signature="runScenario(io.cucumber.testng.PickleWrapper,io.cucumber.testng.FeatureWrapper)[pri:0, instance:com.project.tests.runners.TestNGRunner@784b990c]" started-at="2025-09-07T23:07:41 IST" name="runScenario" description="Runs Cucumber Scenarios" data-provider="scenarios" finished-at="2025-09-07T23:07:46 IST" duration-ms="4942" status="PASS">
          <params>
            <param index="0">
              <value>
                <![CDATA["Successful credit card payment at checkout"]]>
              </value>
            </param>
            <param index="1">
              <value>
                <![CDATA["Positive flows for Credit Card Application and user journeys"]]>
              </value>
            </param>
          </params>
          <reporter-output>
          </reporter-output>
        </test-method> <!-- runScenario -->
        <test-method is-config="true" signature="tearDownClass()[pri:0, instance:com.project.tests.runners.TestNGRunner@784b990c]" started-at="2025-09-07T23:07:46 IST" name="tearDownClass" finished-at="2025-09-07T23:07:46 IST" duration-ms="241" status="PASS">
          <reporter-output>
          </reporter-output>
        </test-method> <!-- tearDownClass -->
      </class> <!-- com.project.tests.runners.TestNGRunner -->
    </test> <!-- Default test -->
  </suite> <!-- Default suite -->
</testng-results>
